Création de l'utilisateur de réplication sur le primaire...
Obtention du statut du maître...

Erreur : Impossible d'obtenir les informations de statut du maître. Vérifiez la configuration du conteneur primaire.
Création de l'utilisateur de réplication sur le primaire...
Obtention du statut du maître...

Erreur : Impossible d'obtenir les informations de statut du maître. Vérifiez la configuration du conteneur primaire.
Création de l'utilisateur de réplication sur le primaire...
Obtention du statut du maître...
*************************** 1. row ***************************
            File: mysql-bin.000001
        Position: 804
    Binlog_Do_DB:
Binlog_Ignore_DB:
Fichier binlog : mysql-bin.000001
Position : 804
Configuration du réplica...
Vérification du statut du réplica...
*************************** 1. row ***************************
                Slave_IO_State:
                   Master_Host: sql-primary
                   Master_User: repl_user
                   Master_Port: 3306
                 Connect_Retry: 60
               Master_Log_File: mysql-bin.000001
           Read_Master_Log_Pos: 804
                Relay_Log_File: mysqld-relay-bin.000001
                 Relay_Log_Pos: 4
         Relay_Master_Log_File: mysql-bin.000001
              Slave_IO_Running: No
             Slave_SQL_Running: Yes
               Replicate_Do_DB:
           Replicate_Ignore_DB:
            Replicate_Do_Table:
        Replicate_Ignore_Table:
       Replicate_Wild_Do_Table:
   Replicate_Wild_Ignore_Table:
                    Last_Errno: 0
                    Last_Error:
                  Skip_Counter: 0
           Exec_Master_Log_Pos: 804
               Relay_Log_Space: 256
               Until_Condition: None
                Until_Log_File:
                 Until_Log_Pos: 0
            Master_SSL_Allowed: No
            Master_SSL_CA_File:
            Master_SSL_CA_Path:
               Master_SSL_Cert:
             Master_SSL_Cipher:
                Master_SSL_Key:
         Seconds_Behind_Master: NULL
 Master_SSL_Verify_Server_Cert: No
                 Last_IO_Errno: 1593
                 Last_IO_Error: Fatal error: The slave I/O thread stops because master and slave have equal MariaDB server ids; these ids must be different for replication to work (or the --replicate-same-server-id option must be used on slave but this does not always make sense; please check the manual before using it).
                Last_SQL_Errno: 0
                Last_SQL_Error:
   Replicate_Ignore_Server_Ids:
              Master_Server_Id: 1
                Master_SSL_Crl:
            Master_SSL_Crlpath:
                    Using_Gtid: No
                   Gtid_IO_Pos:
       Replicate_Do_Domain_Ids:
   Replicate_Ignore_Domain_Ids:
                 Parallel_Mode: optimistic
                     SQL_Delay: 0
           SQL_Remaining_Delay: NULL
       Slave_SQL_Running_State: Slave has read all relay log; waiting for more updates
              Slave_DDL_Groups: 0
Slave_Non_Transactional_Groups: 0
    Slave_Transactional_Groups: 0
          Replicate_Rewrite_DB:
Configuration de la réplication terminée.
Création de l'utilisateur de réplication sur le primaire...
Obtention du statut du maître...
*************************** 1. row ***************************
            File: mysql-bin.000002
        Position: 809
    Binlog_Do_DB:
Binlog_Ignore_DB:
Fichier binlog : mysql-bin.000002
Position : 809
Configuration du réplica...
Vérification du statut du réplica...
*************************** 1. row ***************************
                Slave_IO_State: Waiting for master to send event
                   Master_Host: sql-primary
                   Master_User: repl_user
                   Master_Port: 3306
                 Connect_Retry: 60
               Master_Log_File: mysql-bin.000002
           Read_Master_Log_Pos: 809
                Relay_Log_File: mysqld-relay-bin.000002
                 Relay_Log_Pos: 555
         Relay_Master_Log_File: mysql-bin.000002
              Slave_IO_Running: Yes
             Slave_SQL_Running: Yes
               Replicate_Do_DB:
           Replicate_Ignore_DB:
            Replicate_Do_Table:
        Replicate_Ignore_Table:
       Replicate_Wild_Do_Table:
   Replicate_Wild_Ignore_Table:
                    Last_Errno: 0
                    Last_Error:
                  Skip_Counter: 0
           Exec_Master_Log_Pos: 809
               Relay_Log_Space: 865
               Until_Condition: None
                Until_Log_File:
                 Until_Log_Pos: 0
            Master_SSL_Allowed: No
            Master_SSL_CA_File:
            Master_SSL_CA_Path:
               Master_SSL_Cert:
             Master_SSL_Cipher:
                Master_SSL_Key:
         Seconds_Behind_Master: 0
 Master_SSL_Verify_Server_Cert: No
                 Last_IO_Errno: 0
                 Last_IO_Error:
                Last_SQL_Errno: 0
                Last_SQL_Error:
   Replicate_Ignore_Server_Ids:
              Master_Server_Id: 1
                Master_SSL_Crl:
            Master_SSL_Crlpath:
                    Using_Gtid: No
                   Gtid_IO_Pos:
       Replicate_Do_Domain_Ids:
   Replicate_Ignore_Domain_Ids:
                 Parallel_Mode: optimistic
                     SQL_Delay: 0
           SQL_Remaining_Delay: NULL
       Slave_SQL_Running_State: Slave has read all relay log; waiting for more updates
              Slave_DDL_Groups: 0
Slave_Non_Transactional_Groups: 0
    Slave_Transactional_Groups: 0
          Replicate_Rewrite_DB:
Configuration de la réplication terminée.